
info [Mon May 04 2020 08:37:22 GMT+0200 (South Africa Standard Time)]  Jenkins build is started AMS
info [Mon May 04 2020 08:37:27 GMT+0200 (South Africa Standard Time)]  Jenkins build number is 12


info [Mon May 04 2020 09:04:14 GMT+0200 (South Africa Standard Time)]  Jenkins build is started AMS
info [Mon May 04 2020 09:04:27 GMT+0200 (South Africa Standard Time)]  Jenkins build number is 13

info [Tue May 05 2020 07:00:13 GMT+0200 (South Africa Standard Time)]  Jenkins build is started AMS
info [Tue May 05 2020 07:00:17 GMT+0200 (South Africa Standard Time)]  Jenkins build number is 14

info [Tue May 05 2020 07:18:06 GMT+0200 (South Africa Standard Time)]  Jenkins build is started AMS
info [Tue May 05 2020 07:18:26 GMT+0200 (South Africa Standard Time)]  Jenkins build number is 15

info [Tue May 05 2020 07:28:11 GMT+0200 (South Africa Standard Time)]  Jenkins build is started AMS
info [Tue May 05 2020 07:28:15 GMT+0200 (South Africa Standard Time)]  Jenkins build number is 16

info [Tue May 05 2020 07:33:44 GMT+0200 (South Africa Standard Time)]  Jenkins build is started AMS
info [Tue May 05 2020 07:33:45 GMT+0200 (South Africa Standard Time)]  Jenkins build number is 17

info [Tue May 05 2020 07:39:21 GMT+0200 (South Africa Standard Time)]  Jenkins build is started AMS
info [Tue May 05 2020 07:39:22 GMT+0200 (South Africa Standard Time)]  Jenkins build number is 18

info [Tue May 05 2020 07:40:30 GMT+0200 (South Africa Standard Time)]  Jenkins build is started AMS
info [Tue May 05 2020 07:40:30 GMT+0200 (South Africa Standard Time)]  Jenkins build number is 19

info [Tue May 05 2020 07:46:48 GMT+0200 (South Africa Standard Time)]  Jenkins build is started AMS
info [Tue May 05 2020 07:46:49 GMT+0200 (South Africa Standard Time)]  Jenkins build number is 20

info [Tue May 05 2020 07:50:20 GMT+0200 (South Africa Standard Time)]  Jenkins build is started AMS
info [Tue May 05 2020 07:50:29 GMT+0200 (South Africa Standard Time)]  Jenkins build number is 21

info [Tue May 05 2020 07:53:44 GMT+0200 (South Africa Standard Time)]  Jenkins build is started AMS
info [Tue May 05 2020 07:53:47 GMT+0200 (South Africa Standard Time)]  Jenkins build number is 22

info [Tue May 05 2020 07:55:52 GMT+0200 (South Africa Standard Time)]  Jenkins build is started AMS
info [Tue May 05 2020 07:55:53 GMT+0200 (South Africa Standard Time)]  Jenkins build number is 23

info [Tue May 05 2020 08:03:21 GMT+0200 (South Africa Standard Time)]  Jenkins build is started AMS
info [Tue May 05 2020 08:03:28 GMT+0200 (South Africa Standard Time)]  Jenkins build number is 24

info [Tue May 05 2020 08:13:24 GMT+0200 (South Africa Standard Time)]  Jenkins build is started AMS
info [Tue May 05 2020 08:13:37 GMT+0200 (South Africa Standard Time)]  Jenkins build number is 25

info [Tue May 05 2020 08:16:33 GMT+0200 (South Africa Standard Time)]  Jenkins build is started AMS
info [Tue May 05 2020 08:16:36 GMT+0200 (South Africa Standard Time)]  Jenkins build number is 26

info [Tue May 05 2020 08:18:56 GMT+0200 (South Africa Standard Time)]  Jenkins build is started AMS
info [Tue May 05 2020 08:18:56 GMT+0200 (South Africa Standard Time)]  Jenkins build number is 27

info [Tue May 05 2020 08:20:52 GMT+0200 (South Africa Standard Time)]  Jenkins build is started AMS
info [Tue May 05 2020 08:20:53 GMT+0200 (South Africa Standard Time)]  Jenkins build number is 28

info [Tue May 05 2020 08:22:29 GMT+0200 (South Africa Standard Time)]  Jenkins build is started AMS
info [Tue May 05 2020 08:22:29 GMT+0200 (South Africa Standard Time)]  Jenkins build number is 29

info [Tue May 05 2020 08:23:38 GMT+0200 (South Africa Standard Time)]  Jenkins build is started AMS
info [Tue May 05 2020 08:23:38 GMT+0200 (South Africa Standard Time)]  Jenkins build number is 30

info [Tue May 05 2020 11:14:32 GMT+0200 (South Africa Standard Time)]  Jenkins build is started AMS
info [Tue May 05 2020 11:15:46 GMT+0200 (South Africa Standard Time)]  Jenkins build number is 31

info [Tue May 05 2020 11:31:46 GMT+0200 (South Africa Standard Time)]  Jenkins build is started AMS
info [Tue May 05 2020 11:31:47 GMT+0200 (South Africa Standard Time)]  Jenkins build number is 32

info [Tue May 05 2020 11:36:03 GMT+0200 (South Africa Standard Time)]  Jenkins build is started AMS
info [Tue May 05 2020 11:36:04 GMT+0200 (South Africa Standard Time)]  Jenkins build number is 33

info [Tue May 05 2020 11:44:13 GMT+0200 (South Africa Standard Time)]  Jenkins build is started AMS
info [Tue May 05 2020 11:44:14 GMT+0200 (South Africa Standard Time)]  Jenkins build number is 34

info [Tue May 05 2020 11:45:08 GMT+0200 (South Africa Standard Time)]  Jenkins build is started AMS
info [Tue May 05 2020 11:45:08 GMT+0200 (South Africa Standard Time)]  Jenkins build number is 35

info [Tue May 05 2020 11:51:54 GMT+0200 (South Africa Standard Time)]  Jenkins build is started AMS
info [Tue May 05 2020 11:51:55 GMT+0200 (South Africa Standard Time)]  Jenkins build number is 36

info [Tue May 05 2020 11:59:09 GMT+0200 (South Africa Standard Time)]  Jenkins build is started AMS
info [Tue May 05 2020 11:59:10 GMT+0200 (South Africa Standard Time)]  Jenkins build number is 37

info [Tue May 05 2020 12:00:52 GMT+0200 (South Africa Standard Time)]  Jenkins build is started AMS
info [Tue May 05 2020 12:00:52 GMT+0200 (South Africa Standard Time)]  Jenkins build number is 38

info [Tue May 05 2020 12:06:53 GMT+0200 (South Africa Standard Time)]  Jenkins build is started AMS
info [Tue May 05 2020 12:06:54 GMT+0200 (South Africa Standard Time)]  Jenkins build number is 39

info [Tue May 05 2020 12:09:37 GMT+0200 (South Africa Standard Time)]  Jenkins build is started AMS
info [Tue May 05 2020 12:09:38 GMT+0200 (South Africa Standard Time)]  Jenkins build number is 40

info [Tue May 05 2020 12:14:02 GMT+0200 (South Africa Standard Time)]  Jenkins build is started AMS
info [Tue May 05 2020 12:14:03 GMT+0200 (South Africa Standard Time)]  Jenkins build number is 41

info [Tue May 05 2020 12:21:42 GMT+0200 (South Africa Standard Time)]  Jenkins build is started AMS
info [Tue May 05 2020 12:21:42 GMT+0200 (South Africa Standard Time)]  Jenkins build number is 42

info [Tue May 05 2020 12:24:06 GMT+0200 (South Africa Standard Time)]  Jenkins build is started AMS
info [Tue May 05 2020 12:24:07 GMT+0200 (South Africa Standard Time)]  Jenkins build number is 43

info [Tue May 05 2020 12:31:11 GMT+0200 (South Africa Standard Time)]  Jenkins build is started AMS
info [Tue May 05 2020 12:31:12 GMT+0200 (South Africa Standard Time)]  Jenkins build number is 44

info [Tue May 05 2020 12:32:56 GMT+0200 (South Africa Standard Time)]  Jenkins build is started AMS
info [Tue May 05 2020 12:33:03 GMT+0200 (South Africa Standard Time)]  Jenkins build number is 45

info [Tue May 05 2020 12:38:13 GMT+0200 (South Africa Standard Time)]  Jenkins build is started AMS
info [Tue May 05 2020 12:38:14 GMT+0200 (South Africa Standard Time)]  Jenkins build number is 46

info [Tue May 05 2020 12:42:57 GMT+0200 (South Africa Standard Time)]  Jenkins build is started AMS
info [Tue May 05 2020 12:42:58 GMT+0200 (South Africa Standard Time)]  Jenkins build number is 47

info [Tue May 05 2020 12:43:58 GMT+0200 (South Africa Standard Time)]  Jenkins build is started AMS
info [Tue May 05 2020 12:43:58 GMT+0200 (South Africa Standard Time)]  Jenkins build number is 48

info [Tue May 05 2020 12:48:44 GMT+0200 (South Africa Standard Time)]  Jenkins build is started AMS
info [Tue May 05 2020 12:48:44 GMT+0200 (South Africa Standard Time)]  Jenkins build number is 49

info [Tue May 05 2020 12:50:57 GMT+0200 (South Africa Standard Time)]  Jenkins build is started AMS
info [Tue May 05 2020 12:50:58 GMT+0200 (South Africa Standard Time)]  Jenkins build number is 50

info [Tue May 05 2020 12:53:46 GMT+0200 (South Africa Standard Time)]  Jenkins build is started AMS
info [Tue May 05 2020 12:53:50 GMT+0200 (South Africa Standard Time)]  Jenkins build number is 51

info [Tue May 05 2020 17:03:43 GMT+0200 (South Africa Standard Time)]  Jenkins build is started AMS
info [Tue May 05 2020 17:04:00 GMT+0200 (South Africa Standard Time)]  Jenkins build number is 52

info [Tue May 05 2020 17:22:06 GMT+0200 (South Africa Standard Time)]  Jenkins build is started AMS
info [Tue May 05 2020 17:22:07 GMT+0200 (South Africa Standard Time)]  Jenkins build number is 53

info [Tue May 05 2020 17:23:00 GMT+0200 (South Africa Standard Time)]  Jenkins build is started AMS
info [Tue May 05 2020 17:23:01 GMT+0200 (South Africa Standard Time)]  Jenkins build number is 54

info [Tue May 05 2020 17:24:44 GMT+0200 (South Africa Standard Time)]  Jenkins build is started AMS
info [Tue May 05 2020 17:24:45 GMT+0200 (South Africa Standard Time)]  Jenkins build number is 55


info [Tue May 05 2020 17:29:33 GMT+0200 (South Africa Standard Time)]  Jenkins build is started AMS
info [Tue May 05 2020 17:29:35 GMT+0200 (South Africa Standard Time)]  Jenkins build number is 56
info [Tue May 05 2020 17:29:39 GMT+0200 (South Africa Standard Time)]  Jenkins executing the task AMS 56
info [Tue May 05 2020 17:29:39 GMT+0200 (South Africa Standard Time)]  Jenkins build is completed AMS 56
info [Tue May 05 2020 17:31:31 GMT+0200 (South Africa Standard Time)]  Jenkins build is started AMS
info [Tue May 05 2020 17:31:31 GMT+0200 (South Africa Standard Time)]  Jenkins build number is 57
info [Tue May 05 2020 17:31:35 GMT+0200 (South Africa Standard Time)]  Jenkins executing the task AMS 57
info [Tue May 05 2020 17:31:35 GMT+0200 (South Africa Standard Time)]  Jenkins build is completed AMS 57
info [Tue May 05 2020 17:31:35 GMT+0200 (South Africa Standard Time)]  Jenkins build is started AO
info [Tue May 05 2020 17:31:35 GMT+0200 (South Africa Standard Time)]  Jenkins build number is 58
info [Tue May 05 2020 17:31:38 GMT+0200 (South Africa Standard Time)]  Jenkins executing the task AO 58
info [Tue May 05 2020 17:31:38 GMT+0200 (South Africa Standard Time)]  Jenkins build is completed AO 58

info [Tue May 05 2020 17:33:49 GMT+0200 (South Africa Standard Time)]  Jenkins build is started AO
info [Tue May 05 2020 17:33:50 GMT+0200 (South Africa Standard Time)]  Jenkins build number is 59
info [Tue May 05 2020 17:33:53 GMT+0200 (South Africa Standard Time)]  Jenkins executing the task AO 59
info [Tue May 05 2020 17:33:53 GMT+0200 (South Africa Standard Time)]  Jenkins build is completed AO 59

info [Tue May 05 2020 18:09:35 GMT+0200 (South Africa Standard Time)]  Jenkins build is started AO
info [Tue May 05 2020 18:09:38 GMT+0200 (South Africa Standard Time)]  Jenkins build number is 60
info [Tue May 05 2020 18:09:41 GMT+0200 (South Africa Standard Time)]  Jenkins executing the task AO 60
info [Tue May 05 2020 18:09:41 GMT+0200 (South Africa Standard Time)]  Jenkins build is completed AO 60

info [Tue May 05 2020 18:28:04 GMT+0200 (South Africa Standard Time)]  Jenkins build is started AO
info [Tue May 05 2020 18:28:05 GMT+0200 (South Africa Standard Time)]  Jenkins build number is 61
info [Tue May 05 2020 18:28:08 GMT+0200 (South Africa Standard Time)]  Jenkins executing the task AO 61
info [Tue May 05 2020 18:28:08 GMT+0200 (South Africa Standard Time)]  Jenkins build is completed AO 61

info [Tue May 05 2020 18:31:05 GMT+0200 (South Africa Standard Time)]  Jenkins build is started AO
info [Tue May 05 2020 18:31:07 GMT+0200 (South Africa Standard Time)]  Jenkins build number is 62
info [Tue May 05 2020 18:31:10 GMT+0200 (South Africa Standard Time)]  Jenkins executing the task AO 62
info [Tue May 05 2020 18:31:10 GMT+0200 (South Africa Standard Time)]  Jenkins build is completed AO 62

info [Tue May 05 2020 18:34:17 GMT+0200 (South Africa Standard Time)]  Jenkins build is started AO
info [Tue May 05 2020 18:34:21 GMT+0200 (South Africa Standard Time)]  Jenkins executing the task AO undefined
info [Tue May 05 2020 18:34:21 GMT+0200 (South Africa Standard Time)]  Jenkins build is completed AO undefined
info [Tue May 05 2020 18:34:21 GMT+0200 (South Africa Standard Time)]  Jenkins build number is 51





























































info [Tue May 12 2020 12:59:20 GMT+0200 (South Africa Standard Time)]  Jenkins build is started AMS
info [Tue May 12 2020 12:59:57 GMT+0200 (South Africa Standard Time)]  Jenkins executing the task AMS undefined
info [Tue May 12 2020 12:59:57 GMT+0200 (South Africa Standard Time)]  Jenkins build is completed AMS undefined
info [Tue May 12 2020 13:00:09 GMT+0200 (South Africa Standard Time)]  Jenkins build number is 581





























































































































































































































